Using pre-set license
Built from '2021.3/staging' branch; Version is '2021.3.14f1 (eee1884e7226) revision 15655304'; Using compiler version '192829333'; Build Type 'Release'
OS: 'Windows 10  (10.0.19044) 64bit Professional' Language: 'en' Physical Memory: 16172 MB
BatchMode: 1, IsHumanControllingUs: 0, StartBugReporterOnCrash: 0, Is64bit: 1, IsPro: 1

COMMAND LINE ARGUMENTS:
C:\Program Files\Unity\Hub\Editor\2021.3.14f1\Editor\Unity.exe
-adb2
-batchMode
-noUpm
-name
AssetImportWorker0
-projectPath
C:/Users/qwert/definitelynotceleste
-logFile
Logs/AssetImportWorker0.log
-srvPort
57378
Successfully changed project path to: C:/Users/qwert/definitelynotceleste
C:/Users/qwert/definitelynotceleste
[UnityMemory] Configuration Parameters - Can be set up in boot.config
    "memorysetup-bucket-allocator-granularity=16"
    "memorysetup-bucket-allocator-bucket-count=8"
    "memorysetup-bucket-allocator-block-size=33554432"
    "memorysetup-bucket-allocator-block-count=8"
    "memorysetup-main-allocator-block-size=16777216"
    "memorysetup-thread-allocator-block-size=16777216"
    "memorysetup-gfx-main-allocator-block-size=16777216"
    "memorysetup-gfx-thread-allocator-block-size=16777216"
    "memorysetup-cache-allocator-block-size=4194304"
    "memorysetup-typetree-allocator-block-size=2097152"
    "memorysetup-profiler-bucket-allocator-granularity=16"
    "memorysetup-profiler-bucket-allocator-bucket-count=8"
    "memorysetup-profiler-bucket-allocator-block-size=33554432"
    "memorysetup-profiler-bucket-allocator-block-count=8"
    "memorysetup-profiler-allocator-block-size=16777216"
    "memorysetup-profiler-editor-allocator-block-size=1048576"
    "memorysetup-temp-allocator-size-main=16777216"
    "memorysetup-job-temp-allocator-block-size=2097152"
    "memorysetup-job-temp-allocator-block-size-background=1048576"
    "memorysetup-job-temp-allocator-reduction-small-platforms=262144"
    "memorysetup-temp-allocator-size-background-worker=32768"
    "memorysetup-temp-allocator-size-job-worker=262144"
    "memorysetup-temp-allocator-size-preload-manager=33554432"
    "memorysetup-temp-allocator-size-nav-mesh-worker=65536"
    "memorysetup-temp-allocator-size-audio-worker=65536"
    "memorysetup-temp-allocator-size-cloud-worker=32768"
    "memorysetup-temp-allocator-size-gi-baking-worker=262144"
    "memorysetup-temp-allocator-size-gfx=262144"
Refreshing native plugins compatible for Editor in 300.99 ms, found 4 plugins.
Preloading 0 native plugins for Editor in 0.00 ms.
Initialize engine version: 2021.3.14f1 (eee1884e7226)
[Subsystems] Discovering subsystems at path C:/Program Files/Unity/Hub/Editor/2021.3.14f1/Editor/Data/Resources/UnitySubsystems
[Subsystems] Discovering subsystems at path C:/Users/qwert/definitelynotceleste/Assets
GfxDevice: creating device client; threaded=0; jobified=0
Direct3D:
    Version:  Direct3D 11.0 [level 11.1]
    Renderer: NVIDIA GeForce RTX 3050 (ID=0x2507)
    Vendor:   NVIDIA
    VRAM:     8070 MB
    Driver:   31.0.15.1694
Initialize mono
Mono path[0] = 'C:/Program Files/Unity/Hub/Editor/2021.3.14f1/Editor/Data/Managed'
Mono path[1] = 'C:/Program Files/Unity/Hub/Editor/2021.3.14f1/Editor/Data/MonoBleedingEdge/lib/mono/unityjit-win32'
Mono config path = 'C:/Program Files/Unity/Hub/Editor/2021.3.14f1/Editor/Data/MonoBleedingEdge/etc'
Using monoOptions --debugger-agent=transport=dt_socket,embedding=1,server=y,suspend=n,address=127.0.0.1:56044
Begin MonoManager ReloadAssembly
Registering precompiled unity dll's ...
Register platform support module: C:/Program Files/Unity/Hub/Editor/2021.3.14f1/Editor/Data/PlaybackEngines/WebGLSupport/UnityEditor.WebGL.Extensions.dll
Register platform support module: C:/Program Files/Unity/Hub/Editor/2021.3.14f1/Editor/Data/PlaybackEngines/WindowsStandaloneSupport/UnityEditor.WindowsStandalone.Extensions.dll
Register platform support module: C:/Program Files/Unity/Hub/Editor/2021.3.14f1/Editor/Data/PlaybackEngines/MetroSupport/UnityEditor.UWP.Extensions.dll
Registered in 0.009733 seconds.
Native extension for UWP target not found
Native extension for WindowsStandalone target not found
Native extension for WebGL target not found
Refreshing native plugins compatible for Editor in 99.02 ms, found 4 plugins.
Preloading 0 native plugins for Editor in 0.00 ms.
Mono: successfully reloaded assembly
- Completed reload, in  0.619 seconds
Domain Reload Profiling:
	ReloadAssembly (620ms)
		BeginReloadAssembly (73ms)
			ExecutionOrderSort (0ms)
			DisableScriptedObjects (0ms)
			BackupInstance (0ms)
			ReleaseScriptingObjects (0ms)
			CreateAndSetChildDomain (1ms)
		EndReloadAssembly (443ms)
			LoadAssemblies (70ms)
			RebuildTransferFunctionScriptingTraits (0ms)
			SetupTypeCache (90ms)
			ReleaseScriptCaches (0ms)
			RebuildScriptCaches (24ms)
			SetupLoadedEditorAssemblies (276ms)
				LogAssemblyErrors (0ms)
				InitializePlatformSupportModulesInManaged (10ms)
				SetLoadedEditorAssemblies (0ms)
				RefreshPlugins (99ms)
				BeforeProcessingInitializeOnLoad (1ms)
				ProcessInitializeOnLoadAttributes (126ms)
				ProcessInitializeOnLoadMethodAttributes (40ms)
				AfterProcessingInitializeOnLoad (0ms)
				EditorAssembliesLoaded (0ms)
			ExecutionOrderSort2 (0ms)
			AwakeInstancesAfterBackupRestoration (0ms)
Platform modules already initialized, skipping
Registering precompiled user dll's ...
Registered in 0.009075 seconds.
Begin MonoManager ReloadAssembly
Native extension for UWP target not found
Native extension for WindowsStandalone target not found
Native extension for WebGL target not found
Refreshing native plugins compatible for Editor in 101.60 ms, found 4 plugins.
Preloading 0 native plugins for Editor in 0.00 ms.
Package Manager log level set to [2]
Mono: successfully reloaded assembly
- Completed reload, in  1.273 seconds
Domain Reload Profiling:
	ReloadAssembly (1274ms)
		BeginReloadAssembly (107ms)
			ExecutionOrderSort (0ms)
			DisableScriptedObjects (5ms)
			BackupInstance (0ms)
			ReleaseScriptingObjects (0ms)
			CreateAndSetChildDomain (20ms)
		EndReloadAssembly (1050ms)
			LoadAssemblies (96ms)
			RebuildTransferFunctionScriptingTraits (0ms)
			SetupTypeCache (247ms)
			ReleaseScriptCaches (1ms)
			RebuildScriptCaches (56ms)
			SetupLoadedEditorAssemblies (602ms)
				LogAssemblyErrors (0ms)
				InitializePlatformSupportModulesInManaged (7ms)
				SetLoadedEditorAssemblies (0ms)
				RefreshPlugins (102ms)
				BeforeProcessingInitializeOnLoad (113ms)
				ProcessInitializeOnLoadAttributes (261ms)
				ProcessInitializeOnLoadMethodAttributes (111ms)
				AfterProcessingInitializeOnLoad (8ms)
				EditorAssembliesLoaded (0ms)
			ExecutionOrderSort2 (0ms)
			AwakeInstancesAfterBackupRestoration (7ms)
Platform modules already initialized, skipping
========================================================================
Worker process is ready to serve import requests
Launched and connected shader compiler UnityShaderCompiler.exe after 0.05 seconds
Refreshing native plugins compatible for Editor in 2.02 ms, found 4 plugins.
Preloading 0 native plugins for Editor in 0.00 ms.
Unloading 4996 Unused Serialized files (Serialized files now loaded: 0)
Unloading 69 unused Assets / (57.5 KB). Loaded Objects now: 5428.
Memory consumption went from 179.8 MB to 179.7 MB.
Total: 6.677400 ms (FindLiveObjects: 0.407400 ms CreateObjectMapping: 0.163700 ms MarkObjects: 6.000600 ms  DeleteObjects: 0.104200 ms)

AssetImportParameters requested are different than current active one (requested -> active):
  custom:video-decoder-ogg-theora: a1e56fd34408186e4bbccfd4996cb3dc -> 
  custom:container-muxer-webm: aa71ff27fc2769a1b78a27578f13a17b -> 
  custom:container-demuxer-webm: 4f35f7cbe854078d1ac9338744f61a02 -> 
  custom:video-encoder-webm-vp8: eb34c28f22e8b96e1ab97ce403110664 -> 
  custom:audio-encoder-webm-vorbis: bf7c407c2cedff20999df2af8eb42d56 -> 
  custom:framework-win-MediaFoundation: 216162199b28c13a410421893ffa2e32 -> 
  custom:container-demuxer-ogg: 62fdf1f143b41e24485cea50d1cbac27 -> 
  custom:video-decoder-webm-vp8: 9c59270c3fd7afecdb556c50c9e8de78 -> 
  custom:audio-decoder-ogg-vorbis: bf7c407c2cedff20999df2af8eb42d56 -> 
========================================================================
Received Import Request.
  Time since last request: 17733.714372 seconds.
  path: Assets/Scenes/main.unity
  artifactKey: Guid(2cda990e2423bbf4892e6590ba056729) Importer(815301076,1909f56bfc062723c751e8b465ee728b)
Start importing Assets/Scenes/main.unity using Guid(2cda990e2423bbf4892e6590ba056729) Importer(815301076,1909f56bfc062723c751e8b465ee728b)  -> (artifact id: 'c65d5aefb165059f1f6e192ee6b39936') in 0.013708 seconds 
========================================================================
Received Import Request.
  Time since last request: 3048.200944 seconds.
  path: Assets/Animation/Land.anim
  artifactKey: Guid(53669dfc998c89b4dab22ceba84d6ae4) Importer(815301076,1909f56bfc062723c751e8b465ee728b)
Start importing Assets/Animation/Land.anim using Guid(53669dfc998c89b4dab22ceba84d6ae4) Importer(815301076,1909f56bfc062723c751e8b465ee728b)  -> (artifact id: '98f96782766402a6534e878ae1a57ca4') in 0.030503 seconds 
========================================================================
Received Import Request.
  Time since last request: 0.325658 seconds.
  path: Assets/Animation/Visual.controller
  artifactKey: Guid(6e5b5f4662f713845b0c28185c4ea62c) Importer(815301076,1909f56bfc062723c751e8b465ee728b)
Start importing Assets/Animation/Visual.controller using Guid(6e5b5f4662f713845b0c28185c4ea62c) Importer(815301076,1909f56bfc062723c751e8b465ee728b)  -> (artifact id: '4e25238e2b7e393e30a43286d0a095b7') in 0.008479 seconds 
========================================================================
Received Import Request.
  Time since last request: 2882.839485 seconds.
  path: Assets/Sprites/old-gray-steel-platform-plate-rusted-green-metal-texture-background-154515223.jpg
  artifactKey: Guid(dc94b220e4c15114bbce413672dc31b1) Importer(815301076,1909f56bfc062723c751e8b465ee728b)
Start importing Assets/Sprites/old-gray-steel-platform-plate-rusted-green-metal-texture-background-154515223.jpg using Guid(dc94b220e4c15114bbce413672dc31b1) Importer(815301076,1909f56bfc062723c751e8b465ee728b)  -> (artifact id: '5b662ee093f861000d72cb27438f7194') in 0.164960 seconds 
========================================================================
Received Prepare
Registering precompiled user dll's ...
Registered in 0.008094 seconds.
Begin MonoManager ReloadAssembly
Native extension for UWP target not found
Native extension for WindowsStandalone target not found
Native extension for WebGL target not found
Refreshing native plugins compatible for Editor in 1.20 ms, found 4 plugins.
Preloading 0 native plugins for Editor in 0.00 ms.
Mono: successfully reloaded assembly
- Completed reload, in  1.201 seconds
Domain Reload Profiling:
	ReloadAssembly (1202ms)
		BeginReloadAssembly (251ms)
			ExecutionOrderSort (0ms)
			DisableScriptedObjects (13ms)
			BackupInstance (0ms)
			ReleaseScriptingObjects (0ms)
			CreateAndSetChildDomain (126ms)
		EndReloadAssembly (849ms)
			LoadAssemblies (103ms)
			RebuildTransferFunctionScriptingTraits (0ms)
			SetupTypeCache (220ms)
			ReleaseScriptCaches (1ms)
			RebuildScriptCaches (36ms)
			SetupLoadedEditorAssemblies (447ms)
				LogAssemblyErrors (0ms)
				InitializePlatformSupportModulesInManaged (14ms)
				SetLoadedEditorAssemblies (1ms)
				RefreshPlugins (1ms)
				BeforeProcessingInitializeOnLoad (84ms)
				ProcessInitializeOnLoadAttributes (230ms)
				ProcessInitializeOnLoadMethodAttributes (108ms)
				AfterProcessingInitializeOnLoad (8ms)
				EditorAssembliesLoaded (0ms)
			ExecutionOrderSort2 (0ms)
			AwakeInstancesAfterBackupRestoration (8ms)
Platform modules already initialized, skipping
Refreshing native plugins compatible for Editor in 6.36 ms, found 4 plugins.
Preloading 0 native plugins for Editor in 0.00 ms.
Unloading 4985 Unused Serialized files (Serialized files now loaded: 0)
Unloading 54 unused Assets / (25.7 KB). Loaded Objects now: 5438.
Memory consumption went from 183.4 MB to 183.4 MB.
Total: 7.544300 ms (FindLiveObjects: 0.356800 ms CreateObjectMapping: 0.299500 ms MarkObjects: 6.848700 ms  DeleteObjects: 0.038000 ms)

AssetImportParameters requested are different than current active one (requested -> active):
  custom:video-decoder-ogg-theora: a1e56fd34408186e4bbccfd4996cb3dc -> 
  custom:container-muxer-webm: aa71ff27fc2769a1b78a27578f13a17b -> 
  custom:container-demuxer-webm: 4f35f7cbe854078d1ac9338744f61a02 -> 
  custom:video-encoder-webm-vp8: eb34c28f22e8b96e1ab97ce403110664 -> 
  custom:audio-encoder-webm-vorbis: bf7c407c2cedff20999df2af8eb42d56 -> 
  custom:framework-win-MediaFoundation: 216162199b28c13a410421893ffa2e32 -> 
  custom:container-demuxer-ogg: 62fdf1f143b41e24485cea50d1cbac27 -> 
  custom:video-decoder-webm-vp8: 9c59270c3fd7afecdb556c50c9e8de78 -> 
  custom:audio-decoder-ogg-vorbis: bf7c407c2cedff20999df2af8eb42d56 -> 
========================================================================
Received Prepare
Registering precompiled user dll's ...
Registered in 0.009023 seconds.
Begin MonoManager ReloadAssembly
Native extension for UWP target not found
Native extension for WindowsStandalone target not found
Native extension for WebGL target not found
Refreshing native plugins compatible for Editor in 1.61 ms, found 4 plugins.
Preloading 0 native plugins for Editor in 0.00 ms.
Mono: successfully reloaded assembly
- Completed reload, in  1.212 seconds
Domain Reload Profiling:
	ReloadAssembly (1213ms)
		BeginReloadAssembly (144ms)
			ExecutionOrderSort (0ms)
			DisableScriptedObjects (6ms)
			BackupInstance (0ms)
			ReleaseScriptingObjects (0ms)
			CreateAndSetChildDomain (48ms)
		EndReloadAssembly (963ms)
			LoadAssemblies (101ms)
			RebuildTransferFunctionScriptingTraits (0ms)
			SetupTypeCache (240ms)
			ReleaseScriptCaches (2ms)
			RebuildScriptCaches (46ms)
			SetupLoadedEditorAssemblies (517ms)
				LogAssemblyErrors (0ms)
				InitializePlatformSupportModulesInManaged (15ms)
				SetLoadedEditorAssemblies (1ms)
				RefreshPlugins (2ms)
				BeforeProcessingInitializeOnLoad (106ms)
				ProcessInitializeOnLoadAttributes (266ms)
				ProcessInitializeOnLoadMethodAttributes (119ms)
				AfterProcessingInitializeOnLoad (10ms)
				EditorAssembliesLoaded (0ms)
			ExecutionOrderSort2 (0ms)
			AwakeInstancesAfterBackupRestoration (10ms)
Platform modules already initialized, skipping
Refreshing native plugins compatible for Editor in 6.54 ms, found 4 plugins.
Preloading 0 native plugins for Editor in 0.00 ms.
Unloading 4985 Unused Serialized files (Serialized files now loaded: 0)
Unloading 54 unused Assets / (25.7 KB). Loaded Objects now: 5441.
Memory consumption went from 183.4 MB to 183.4 MB.
Total: 7.017700 ms (FindLiveObjects: 0.381700 ms CreateObjectMapping: 0.349300 ms MarkObjects: 6.245100 ms  DeleteObjects: 0.040600 ms)

AssetImportParameters requested are different than current active one (requested -> active):
  custom:video-decoder-ogg-theora: a1e56fd34408186e4bbccfd4996cb3dc -> 
  custom:container-muxer-webm: aa71ff27fc2769a1b78a27578f13a17b -> 
  custom:container-demuxer-webm: 4f35f7cbe854078d1ac9338744f61a02 -> 
  custom:video-encoder-webm-vp8: eb34c28f22e8b96e1ab97ce403110664 -> 
  custom:audio-encoder-webm-vorbis: bf7c407c2cedff20999df2af8eb42d56 -> 
  custom:framework-win-MediaFoundation: 216162199b28c13a410421893ffa2e32 -> 
  custom:container-demuxer-ogg: 62fdf1f143b41e24485cea50d1cbac27 -> 
  custom:video-decoder-webm-vp8: 9c59270c3fd7afecdb556c50c9e8de78 -> 
  custom:audio-decoder-ogg-vorbis: bf7c407c2cedff20999df2af8eb42d56 -> 
========================================================================
Received Import Request.
  Time since last request: 9065.908904 seconds.
  path: Assets/_Scripts
  artifactKey: Guid(8d9ef3849ca01c04ba6ca470ab8aaece) Importer(815301076,1909f56bfc062723c751e8b465ee728b)
Start importing Assets/_Scripts using Guid(8d9ef3849ca01c04ba6ca470ab8aaece) Importer(815301076,1909f56bfc062723c751e8b465ee728b)  -> (artifact id: 'cc7a2abe57db6b08e3458af7817066aa') in 0.149273 seconds 
========================================================================
Received Import Request.
  Time since last request: 13.042941 seconds.
  path: Assets/_Scripts/AnimationScript.cs
  artifactKey: Guid(b1b042196b50222428dab020c0448842) Importer(815301076,1909f56bfc062723c751e8b465ee728b)
Start importing Assets/_Scripts/AnimationScript.cs using Guid(b1b042196b50222428dab020c0448842) Importer(815301076,1909f56bfc062723c751e8b465ee728b)  -> (artifact id: 'd5e8626141e5a33a1c150d7e6a474bf3') in 0.010532 seconds 
========================================================================
Received Import Request.
  Time since last request: 12.422705 seconds.
  path: Assets/_Scripts/AnimationScript.cs
  artifactKey: Guid(b1b042196b50222428dab020c0448842) Importer(815301076,1909f56bfc062723c751e8b465ee728b)
Start importing Assets/_Scripts/AnimationScript.cs using Guid(b1b042196b50222428dab020c0448842) Importer(815301076,1909f56bfc062723c751e8b465ee728b)  -> (artifact id: '4a205eb66befb65c21f8bca9c6a34571') in 0.002589 seconds 
========================================================================
Received Import Request.
  Time since last request: 0.793200 seconds.
  path: Assets/_Scripts/movement.cs
  artifactKey: Guid(53019ed7e2c060c48b2c1dad0a443ff8) Importer(815301076,1909f56bfc062723c751e8b465ee728b)
Start importing Assets/_Scripts/movement.cs using Guid(53019ed7e2c060c48b2c1dad0a443ff8) Importer(815301076,1909f56bfc062723c751e8b465ee728b)  -> (artifact id: 'ba68eca2b5e79664fc3c3bf40d360ff2') in 0.005890 seconds 
========================================================================
Received Import Request.
  Time since last request: 3.319745 seconds.
  path: Assets/_Scripts/Movement.cs
  artifactKey: Guid(53019ed7e2c060c48b2c1dad0a443ff8) Importer(815301076,1909f56bfc062723c751e8b465ee728b)
Start importing Assets/_Scripts/Movement.cs using Guid(53019ed7e2c060c48b2c1dad0a443ff8) Importer(815301076,1909f56bfc062723c751e8b465ee728b)  -> (artifact id: 'fba2a1cd8c399bd0c290069a7052d045') in 0.006257 seconds 
========================================================================
Received Import Request.
  Time since last request: 149.145999 seconds.
  path: Assets/_Scripts/Collision.cs
  artifactKey: Guid(71b33a2fad3bc334ba915c3d0816c6b6) Importer(815301076,1909f56bfc062723c751e8b465ee728b)
Start importing Assets/_Scripts/Collision.cs using Guid(71b33a2fad3bc334ba915c3d0816c6b6) Importer(815301076,1909f56bfc062723c751e8b465ee728b)  -> (artifact id: '09c477878342c26bb8fc423f63f65506') in 0.005742 seconds 
========================================================================
Received Import Request.
  Time since last request: 5.998677 seconds.
  path: Assets/_Scripts/Collision.cs
  artifactKey: Guid(71b33a2fad3bc334ba915c3d0816c6b6) Importer(815301076,1909f56bfc062723c751e8b465ee728b)
Start importing Assets/_Scripts/Collision.cs using Guid(71b33a2fad3bc334ba915c3d0816c6b6) Importer(815301076,1909f56bfc062723c751e8b465ee728b)  -> (artifact id: '99197f530811a0f04ee2c66c126749a8') in 0.002281 seconds 
========================================================================
Received Import Request.
  Time since last request: 24.468097 seconds.
  path: Assets/_Scripts/BetterJumping.cs
  artifactKey: Guid(ce3213cd899c1f0489a457fbe2470c07) Importer(815301076,1909f56bfc062723c751e8b465ee728b)
Start importing Assets/_Scripts/BetterJumping.cs using Guid(ce3213cd899c1f0489a457fbe2470c07) Importer(815301076,1909f56bfc062723c751e8b465ee728b)  -> (artifact id: 'c90f7a9c6b570f06cf44842664eddd50') in 0.005961 seconds 
========================================================================
Received Import Request.
  Time since last request: 15.073669 seconds.
  path: Assets/_Scripts/BetterJumping.cs
  artifactKey: Guid(ce3213cd899c1f0489a457fbe2470c07) Importer(815301076,1909f56bfc062723c751e8b465ee728b)
Start importing Assets/_Scripts/BetterJumping.cs using Guid(ce3213cd899c1f0489a457fbe2470c07) Importer(815301076,1909f56bfc062723c751e8b465ee728b)  -> (artifact id: 'efea589236a80abfa6cdf336dd000bed') in 0.002363 seconds 
========================================================================
Received Import Request.
  Time since last request: 28.460414 seconds.
  path: Assets/_Scripts/GhostTrail.cs
  artifactKey: Guid(4d6dcf64d84c8e84a891788ad6a8ed87) Importer(815301076,1909f56bfc062723c751e8b465ee728b)
Start importing Assets/_Scripts/GhostTrail.cs using Guid(4d6dcf64d84c8e84a891788ad6a8ed87) Importer(815301076,1909f56bfc062723c751e8b465ee728b)  -> (artifact id: 'ab9f920cd133c54f81543fe366331c79') in 0.006236 seconds 
========================================================================
Received Import Request.
  Time since last request: 7.500098 seconds.
  path: Assets/_Scripts/GhostTrail.cs
  artifactKey: Guid(4d6dcf64d84c8e84a891788ad6a8ed87) Importer(815301076,1909f56bfc062723c751e8b465ee728b)
Start importing Assets/_Scripts/GhostTrail.cs using Guid(4d6dcf64d84c8e84a891788ad6a8ed87) Importer(815301076,1909f56bfc062723c751e8b465ee728b)  -> (artifact id: '2ef31e60bb914a3cad992f6555a2e172') in 0.002121 seconds 
========================================================================
Received Import Request.
  Time since last request: 103.411230 seconds.
  path: Assets/_Scripts/RippleEffect
  artifactKey: Guid(abdf097b7f6a5e842a41081c24bf3f4d) Importer(815301076,1909f56bfc062723c751e8b465ee728b)
Start importing Assets/_Scripts/RippleEffect using Guid(abdf097b7f6a5e842a41081c24bf3f4d) Importer(815301076,1909f56bfc062723c751e8b465ee728b)  -> (artifact id: '9a3ad8337e7943daddc14971fd4c09a1') in 0.005263 seconds 
========================================================================
Received Import Request.
  Time since last request: 12.416667 seconds.
  path: Assets/_Scripts/NewBehaviourScript.cs
  artifactKey: Guid(737195e284e73df4b8b7cc61d6542ae1) Importer(815301076,1909f56bfc062723c751e8b465ee728b)
Start importing Assets/_Scripts/NewBehaviourScript.cs using Guid(737195e284e73df4b8b7cc61d6542ae1) Importer(815301076,1909f56bfc062723c751e8b465ee728b)  -> (artifact id: 'fa0f56125f8137ebd031e7fef09f00ce') in 0.005407 seconds 
========================================================================
Received Import Request.
  Time since last request: 14.163823 seconds.
  path: Assets/_Scripts/RippleEffect/RippleEffect.cs
  artifactKey: Guid(25e47c66ac24cce48931386cb60f316c) Importer(815301076,1909f56bfc062723c751e8b465ee728b)
Start importing Assets/_Scripts/RippleEffect/RippleEffect.cs using Guid(25e47c66ac24cce48931386cb60f316c) Importer(815301076,1909f56bfc062723c751e8b465ee728b)  -> (artifact id: 'ee9d1bcad6e25558f5f49c9c370e83ee') in 0.001978 seconds 
========================================================================
Received Prepare
Registering precompiled user dll's ...
Registered in 0.009824 seconds.
Begin MonoManager ReloadAssembly
Native extension for UWP target not found
Native extension for WindowsStandalone target not found
Native extension for WebGL target not found
Refreshing native plugins compatible for Editor in 1.18 ms, found 4 plugins.
Preloading 0 native plugins for Editor in 0.00 ms.
Mono: successfully reloaded assembly
- Completed reload, in  1.164 seconds
Domain Reload Profiling:
	ReloadAssembly (1165ms)
		BeginReloadAssembly (220ms)
			ExecutionOrderSort (0ms)
			DisableScriptedObjects (17ms)
			BackupInstance (0ms)
			ReleaseScriptingObjects (0ms)
			CreateAndSetChildDomain (93ms)
		EndReloadAssembly (854ms)
			LoadAssemblies (100ms)
			RebuildTransferFunctionScriptingTraits (0ms)
			SetupTypeCache (230ms)
			ReleaseScriptCaches (2ms)
			RebuildScriptCaches (37ms)
			SetupLoadedEditorAssemblies (450ms)
				LogAssemblyErrors (0ms)
				InitializePlatformSupportModulesInManaged (14ms)
				SetLoadedEditorAssemblies (1ms)
				RefreshPlugins (1ms)
				BeforeProcessingInitializeOnLoad (88ms)
				ProcessInitializeOnLoadAttributes (229ms)
				ProcessInitializeOnLoadMethodAttributes (108ms)
				AfterProcessingInitializeOnLoad (8ms)
				EditorAssembliesLoaded (0ms)
			ExecutionOrderSort2 (0ms)
			AwakeInstancesAfterBackupRestoration (8ms)
Platform modules already initialized, skipping
Refreshing native plugins compatible for Editor in 7.43 ms, found 4 plugins.
Preloading 0 native plugins for Editor in 0.00 ms.
Unloading 5001 Unused Serialized files (Serialized files now loaded: 0)
Unloading 56 unused Assets / (25.8 KB). Loaded Objects now: 5463.
Memory consumption went from 184.0 MB to 183.9 MB.
Total: 9.165100 ms (FindLiveObjects: 0.400400 ms CreateObjectMapping: 0.365700 ms MarkObjects: 8.312600 ms  DeleteObjects: 0.084600 ms)

AssetImportParameters requested are different than current active one (requested -> active):
  custom:video-decoder-ogg-theora: a1e56fd34408186e4bbccfd4996cb3dc -> 
  custom:container-muxer-webm: aa71ff27fc2769a1b78a27578f13a17b -> 
  custom:container-demuxer-webm: 4f35f7cbe854078d1ac9338744f61a02 -> 
  custom:video-encoder-webm-vp8: eb34c28f22e8b96e1ab97ce403110664 -> 
  custom:audio-encoder-webm-vorbis: bf7c407c2cedff20999df2af8eb42d56 -> 
  custom:framework-win-MediaFoundation: 216162199b28c13a410421893ffa2e32 -> 
  custom:container-demuxer-ogg: 62fdf1f143b41e24485cea50d1cbac27 -> 
  custom:video-decoder-webm-vp8: 9c59270c3fd7afecdb556c50c9e8de78 -> 
  custom:audio-decoder-ogg-vorbis: bf7c407c2cedff20999df2af8eb42d56 -> 
========================================================================
Received Prepare
Registering precompiled user dll's ...
Registered in 0.009006 seconds.
Begin MonoManager ReloadAssembly
Native extension for UWP target not found
Native extension for WindowsStandalone target not found
Native extension for WebGL target not found
Refreshing native plugins compatible for Editor in 1.16 ms, found 4 plugins.
Preloading 0 native plugins for Editor in 0.00 ms.
Mono: successfully reloaded assembly
- Completed reload, in  1.043 seconds
Domain Reload Profiling:
	ReloadAssembly (1044ms)
		BeginReloadAssembly (134ms)
			ExecutionOrderSort (0ms)
			DisableScriptedObjects (6ms)
			BackupInstance (0ms)
			ReleaseScriptingObjects (0ms)
			CreateAndSetChildDomain (43ms)
		EndReloadAssembly (822ms)
			LoadAssemblies (86ms)
			RebuildTransferFunctionScriptingTraits (0ms)
			SetupTypeCache (210ms)
			ReleaseScriptCaches (2ms)
			RebuildScriptCaches (37ms)
			SetupLoadedEditorAssemblies (435ms)
				LogAssemblyErrors (0ms)
				InitializePlatformSupportModulesInManaged (16ms)
				SetLoadedEditorAssemblies (0ms)
				RefreshPlugins (1ms)
				BeforeProcessingInitializeOnLoad (77ms)
				ProcessInitializeOnLoadAttributes (228ms)
				ProcessInitializeOnLoadMethodAttributes (104ms)
				AfterProcessingInitializeOnLoad (9ms)
				EditorAssembliesLoaded (0ms)
			ExecutionOrderSort2 (0ms)
			AwakeInstancesAfterBackupRestoration (9ms)
Platform modules already initialized, skipping
Refreshing native plugins compatible for Editor in 5.85 ms, found 4 plugins.
Preloading 0 native plugins for Editor in 0.00 ms.
Unloading 5000 Unused Serialized files (Serialized files now loaded: 0)
Unloading 56 unused Assets / (25.8 KB). Loaded Objects now: 5466.
Memory consumption went from 183.9 MB to 183.9 MB.
Total: 6.908100 ms (FindLiveObjects: 0.331700 ms CreateObjectMapping: 0.295200 ms MarkObjects: 6.242300 ms  DeleteObjects: 0.037700 ms)

AssetImportParameters requested are different than current active one (requested -> active):
  custom:video-decoder-ogg-theora: a1e56fd34408186e4bbccfd4996cb3dc -> 
  custom:container-muxer-webm: aa71ff27fc2769a1b78a27578f13a17b -> 
  custom:container-demuxer-webm: 4f35f7cbe854078d1ac9338744f61a02 -> 
  custom:video-encoder-webm-vp8: eb34c28f22e8b96e1ab97ce403110664 -> 
  custom:audio-encoder-webm-vorbis: bf7c407c2cedff20999df2af8eb42d56 -> 
  custom:framework-win-MediaFoundation: 216162199b28c13a410421893ffa2e32 -> 
  custom:container-demuxer-ogg: 62fdf1f143b41e24485cea50d1cbac27 -> 
  custom:video-decoder-webm-vp8: 9c59270c3fd7afecdb556c50c9e8de78 -> 
  custom:audio-decoder-ogg-vorbis: bf7c407c2cedff20999df2af8eb42d56 -> 
========================================================================
Received Import Request.
  Time since last request: 87.824802 seconds.
  path: Assets/_Scripts/RippleEffect/RippleEffect.shader
  artifactKey: Guid(eff293cf4d6580340ab34f39798b5007) Importer(815301076,1909f56bfc062723c751e8b465ee728b)
Start importing Assets/_Scripts/RippleEffect/RippleEffect.shader using Guid(eff293cf4d6580340ab34f39798b5007) Importer(815301076,1909f56bfc062723c751e8b465ee728b)  -> (artifact id: 'a9dee15ffcf10554d5aa4f767cefb4bc') in 0.023758 seconds 
========================================================================
Received Import Request.
  Time since last request: 19.279817 seconds.
  path: Assets/_Scripts/RippleEffect/RippleEffect.shader
  artifactKey: Guid(eff293cf4d6580340ab34f39798b5007) Importer(815301076,1909f56bfc062723c751e8b465ee728b)
Start importing Assets/_Scripts/RippleEffect/RippleEffect.shader using Guid(eff293cf4d6580340ab34f39798b5007) Importer(815301076,1909f56bfc062723c751e8b465ee728b)  -> (artifact id: '6935e1af6dd4b88ae88253bc85ac2abe') in 0.003139 seconds 
========================================================================
Received Prepare
Registering precompiled user dll's ...
Registered in 0.008837 seconds.
Begin MonoManager ReloadAssembly
Native extension for UWP target not found
Native extension for WindowsStandalone target not found
Native extension for WebGL target not found
Refreshing native plugins compatible for Editor in 1.21 ms, found 4 plugins.
Preloading 0 native plugins for Editor in 0.00 ms.
Mono: successfully reloaded assembly
- Completed reload, in  1.270 seconds
Domain Reload Profiling:
	ReloadAssembly (1271ms)
		BeginReloadAssembly (189ms)
			ExecutionOrderSort (0ms)
			DisableScriptedObjects (7ms)
			BackupInstance (0ms)
			ReleaseScriptingObjects (0ms)
			CreateAndSetChildDomain (67ms)
		EndReloadAssembly (967ms)
			LoadAssemblies (117ms)
			RebuildTransferFunctionScriptingTraits (0ms)
			SetupTypeCache (243ms)
			ReleaseScriptCaches (2ms)
			RebuildScriptCaches (52ms)
			SetupLoadedEditorAssemblies (504ms)
				LogAssemblyErrors (0ms)
				InitializePlatformSupportModulesInManaged (16ms)
				SetLoadedEditorAssemblies (1ms)
				RefreshPlugins (1ms)
				BeforeProcessingInitializeOnLoad (89ms)
				ProcessInitializeOnLoadAttributes (262ms)
				ProcessInitializeOnLoadMethodAttributes (126ms)
				AfterProcessingInitializeOnLoad (10ms)
				EditorAssembliesLoaded (0ms)
			ExecutionOrderSort2 (0ms)
			AwakeInstancesAfterBackupRestoration (10ms)
Platform modules already initialized, skipping
Refreshing native plugins compatible for Editor in 6.73 ms, found 4 plugins.
Preloading 0 native plugins for Editor in 0.00 ms.
Unloading 5001 Unused Serialized files (Serialized files now loaded: 0)
Unloading 57 unused Assets / (51.6 KB). Loaded Objects now: 5470.
Memory consumption went from 184.3 MB to 184.3 MB.
Total: 7.354200 ms (FindLiveObjects: 0.357600 ms CreateObjectMapping: 0.408200 ms MarkObjects: 6.489200 ms  DeleteObjects: 0.098100 ms)

AssetImportParameters requested are different than current active one (requested -> active):
  custom:video-decoder-ogg-theora: a1e56fd34408186e4bbccfd4996cb3dc -> 
  custom:container-muxer-webm: aa71ff27fc2769a1b78a27578f13a17b -> 
  custom:container-demuxer-webm: 4f35f7cbe854078d1ac9338744f61a02 -> 
  custom:video-encoder-webm-vp8: eb34c28f22e8b96e1ab97ce403110664 -> 
  custom:audio-encoder-webm-vorbis: bf7c407c2cedff20999df2af8eb42d56 -> 
  custom:framework-win-MediaFoundation: 216162199b28c13a410421893ffa2e32 -> 
  custom:container-demuxer-ogg: 62fdf1f143b41e24485cea50d1cbac27 -> 
  custom:video-decoder-webm-vp8: 9c59270c3fd7afecdb556c50c9e8de78 -> 
  custom:audio-decoder-ogg-vorbis: bf7c407c2cedff20999df2af8eb42d56 -> 
